<?xml version="1.0" encoding="UTF-8"?>
<!-- Generated by org.testng.reporters.JUnitXMLReporter -->
<testsuite hostname="ATMECSINLT-084" ignored="0" name="Default test" tests="4" failures="0" timestamp="05 Sep 2019 13:22:47 GMT" time="70.536" errors="0">
  <testcase name="roundtripbooking" time="10.38" classname="com.HappyEsayGo.TestScript.CThomeforRoundtrip"/>
  <testcase name="Search" time="2.962" classname="com.HappyEsayGo.TestScript.CThomeforRoundtrip2"/>
  <testcase name="roundtripbooking3" time="43.346" classname="com.HappyEsayGo.TestScript.CThomeforRoundtrip3"/>
  <testcase name="roundtripbooking4" time="13.784" classname="com.HappyEsayGo.TestScript.CThomeforRoundtrip4"/>
</testsuite> <!-- Default test -->
