<?xml version="1.0" encoding="UTF-8"?>
<testng-results skipped="0" failed="0" ignored="0" total="4" passed="4">
  <reporter-output>
  </reporter-output>
  <suite name="Default suite" duration-ms="70536" started-at="2019-09-05T13:21:36Z" finished-at="2019-09-05T13:22:47Z">
    <groups>
    </groups>
    <test name="Default test" duration-ms="70536" started-at="2019-09-05T13:21:36Z" finished-at="2019-09-05T13:22:47Z">
      <class name="com.HappyEsayGo.TestScript.CThomeforRoundtrip4">
        <test-method status="PASS" signature="roundtripbooking()[pri:1, instance:com.HappyEsayGo.TestScript.CThomeforRoundtrip4@242b836]" name="roundtripbooking" duration-ms="10380" started-at="2019-09-05T13:21:36Z" finished-at="2019-09-05T13:21:47Z">
          <reporter-output>
          </reporter-output>
        </test-method> <!-- roundtripbooking -->
        <test-method status="PASS" signature="Search()[pri:2, instance:com.HappyEsayGo.TestScript.CThomeforRoundtrip4@242b836]" name="Search" duration-ms="2962" started-at="2019-09-05T13:21:47Z" finished-at="2019-09-05T13:21:50Z">
          <reporter-output>
          </reporter-output>
        </test-method> <!-- Search -->
        <test-method status="PASS" signature="roundtripbooking3()[pri:3, instance:com.HappyEsayGo.TestScript.CThomeforRoundtrip4@242b836]" name="roundtripbooking3" duration-ms="43346" started-at="2019-09-05T13:21:50Z" finished-at="2019-09-05T13:22:33Z">
          <reporter-output>
          </reporter-output>
        </test-method> <!-- roundtripbooking3 -->
        <test-method status="PASS" signature="roundtripbooking4()[pri:4, instance:com.HappyEsayGo.TestScript.CThomeforRoundtrip4@242b836]" name="roundtripbooking4" duration-ms="13784" started-at="2019-09-05T13:22:33Z" finished-at="2019-09-05T13:22:47Z">
          <reporter-output>
          </reporter-output>
        </test-method> <!-- roundtripbooking4 -->
      </class> <!-- com.HappyEsayGo.TestScript.CThomeforRoundtrip4 -->
    </test> <!-- Default test -->
  </suite> <!-- Default suite -->
</testng-results>
