<?xml version="1.0" encoding="UTF-8"?>
<!-- Generated by org.testng.reporters.JUnitXMLReporter -->
<testsuite hostname="ATMECSINLT-084" ignored="0" name="Test1" tests="5" failures="1" timestamp="05 Sep 2019 05:54:53 GMT" time="79.32" errors="0">
  <testcase name="setBrowser" time="12.172" classname="com.HappyEsayGo.TestScript.Cleartripmain"/>
  <testcase name="Ctrip" time="26.694" classname="com.HappyEsayGo.TestScript.Cleartrippage1"/>
  <testcase name="page2" time="15.02" classname="com.HappyEsayGo.TestScript.Cleartrippage2"/>
  <testcase name="page3" time="25.142" classname="com.HappyEsayGo.TestScript.Cleartrippage3"/>
  <testcase name="roundtripbooking" time="0.228" classname="com.HappyEsayGo.TestScript.CThomeforRoundtrip">
    <failure type="org.openqa.selenium.ElementClickInterceptedException" message="element click intercepted: Element &amp;lt;img width=&amp;quot;127&amp;quot; height=&amp;quot;30&amp;quot; alt=&amp;quot;Cleartrip: India&amp;apos;s Favourite Flights and Hotels Booking Agency&amp;quot; src=&amp;quot;//ui.cltpstatic.com/images/brand/cleartrip_logo_book.png&amp;quot;&amp;gt; is not clickable at point (267, 37). Other element would receive the click: &amp;lt;div id=&amp;quot;whiteWashCont&amp;quot; class=&amp;quot;whiteWashCont&amp;quot; style=&amp;quot;height: 667px; display: block;&amp;quot;&amp;gt;&amp;lt;/div&amp;gt;
  (Session info: chrome=76.0.3809.100)
Build info: version: &amp;apos;3.141.59&amp;apos;, revision: &amp;apos;e82be7d358&amp;apos;, time: &amp;apos;2018-11-14T08:17:03&amp;apos;
System info: host: &amp;apos;ATMECSINLT-084&amp;apos;, ip: &amp;apos;55.55.54.52&amp;apos;, os.name: &amp;apos;Windows 10&amp;apos;, os.arch: &amp;apos;amd64&amp;apos;, os.version: &amp;apos;10.0&amp;apos;, java.version: &amp;apos;1.8.0_221&amp;apos;
Driver info: org.openqa.selenium.chrome.ChromeDriver
Capabilities {acceptInsecureCerts: false, browserName: chrome, browserVersion: 76.0.3809.100, chrome: {chromedriverVersion: 76.0.3809.126 (d80a294506b4..., userDataDir: C:\Users\MAGESH~1.SUR\AppDa...}, goog:chromeOptions: {debuggerAddress: localhost:50549}, javascriptEnabled: true, networkConnectionEnabled: false, pageLoadStrategy: normal, platform: XP, platformName: XP, proxy: Proxy(), setWindowRect: true, strictFileInteractability: false, timeouts: {implicit: 0, pageLoad: 300000, script: 30000}, unhandledPromptBehavior: dismiss and notify}
Session ID: ee653fd87b4d971857782d2e944da367">
      <![CDATA[org.openqa.selenium.ElementClickInterceptedException: element click intercepted: Element <img width="127" height="30" alt="Cleartrip: India's Favourite Flights and Hotels Booking Agency" src="//ui.cltpstatic.com/images/brand/cleartrip_logo_book.png"> is not clickable at point (267, 37). Other element would receive the click: <div id="whiteWashCont" class="whiteWashCont" style="height: 667px; display: block;"></div>
  (Session info: chrome=76.0.3809.100)
Build info: version: '3.141.59', revision: 'e82be7d358', time: '2018-11-14T08:17:03'
System info: host: 'ATMECSINLT-084', ip: '55.55.54.52', os.name: 'Windows 10', os.arch: 'amd64', os.version: '10.0', java.version: '1.8.0_221'
Driver info: org.openqa.selenium.chrome.ChromeDriver
Capabilities {acceptInsecureCerts: false, browserName: chrome, browserVersion: 76.0.3809.100, chrome: {chromedriverVersion: 76.0.3809.126 (d80a294506b4..., userDataDir: C:\Users\MAGESH~1.SUR\AppDa...}, goog:chromeOptions: {debuggerAddress: localhost:50549}, javascriptEnabled: true, networkConnectionEnabled: false, pageLoadStrategy: normal, platform: XP, platformName: XP, proxy: Proxy(), setWindowRect: true, strictFileInteractability: false, timeouts: {implicit: 0, pageLoad: 300000, script: 30000}, unhandledPromptBehavior: dismiss and notify}
Session ID: ee653fd87b4d971857782d2e944da367
at org.openqa.selenium.remote.http.W3CHttpResponseCodec.createException(W3CHttpResponseCodec.java:187)
at org.openqa.selenium.remote.http.W3CHttpResponseCodec.decode(W3CHttpResponseCodec.java:122)
at org.openqa.selenium.remote.http.W3CHttpResponseCodec.decode(W3CHttpResponseCodec.java:49)
at org.openqa.selenium.remote.HttpCommandExecutor.execute(HttpCommandExecutor.java:158)
at org.openqa.selenium.remote.service.DriverCommandExecutor.execute(DriverCommandExecutor.java:83)
at org.openqa.selenium.remote.RemoteWebDriver.execute(RemoteWebDriver.java:552)
at org.openqa.selenium.remote.RemoteWebElement.execute(RemoteWebElement.java:285)
at org.openqa.selenium.remote.RemoteWebElement.click(RemoteWebElement.java:84)
at com.HappyEsayGo.TestScript.CThomeforRoundtrip.roundtripbooking(CThomeforRoundtrip.java:10)
at java.util.concurrent.FutureTask.run(Unknown Source)
at java.util.concurrent.ThreadPoolExecutor.runWorker(Unknown Source)
at java.util.concurrent.ThreadPoolExecutor$Worker.run(Unknown Source)
at java.lang.Thread.run(Unknown Source)
... Removed 20 stack frames]]>
    </failure>
  </testcase> <!-- roundtripbooking -->
</testsuite> <!-- Test1 -->
