<?xml version="1.0" encoding="UTF-8"?>
<!-- Generated by org.testng.reporters.JUnitXMLReporter -->
<testsuite hostname="ATMECSINLT-084" ignored="0" name="Test2" tests="5" failures="5" timestamp="05 Sep 2019 05:48:35 GMT" time="5.153" errors="0">
  <testcase name="setBrowser" time="0.0" classname="com.HappyEsayGo.TestScript.Cleartripmain">
    <failure type="org.testng.TestNGException" message="
Parameter &amp;apos;selecteddriver&amp;apos; is required by @Test on method setBrowser but has not been marked @Optional or defined
in D:\new\eclipse-workspace\HappyEasyGo\CThomeforRoundtrip.xml">
      <![CDATA[org.testng.TestNGException: 
Parameter 'selecteddriver' is required by @Test on method setBrowser but has not been marked @Optional or defined
in D:\new\eclipse-workspace\HappyEasyGo\CThomeforRoundtrip.xml
at java.util.concurrent.FutureTask.run(Unknown Source)
at java.util.concurrent.ThreadPoolExecutor.runWorker(Unknown Source)
at java.util.concurrent.ThreadPoolExecutor$Worker.run(Unknown Source)
at java.lang.Thread.run(Unknown Source)
... Removed 15 stack frames]]>
    </failure>
  </testcase> <!-- setBrowser -->
  <testcase name="Ctrip" time="0.008" classname="com.HappyEsayGo.TestScript.Cleartrippage1">
    <failure type="java.lang.NullPointerException">
      <![CDATA[java.lang.NullPointerException
at com.HappyEsayGo.TestScript.Cleartrippage1.Ctrip(Cleartrippage1.java:24)
at java.util.concurrent.FutureTask.run(Unknown Source)
at java.util.concurrent.ThreadPoolExecutor.runWorker(Unknown Source)
at java.util.concurrent.ThreadPoolExecutor$Worker.run(Unknown Source)
at java.lang.Thread.run(Unknown Source)
... Removed 16 stack frames]]>
    </failure>
  </testcase> <!-- Ctrip -->
  <testcase name="page2" time="5.05" classname="com.HappyEsayGo.TestScript.Cleartrippage2">
    <failure type="java.lang.NullPointerException">
      <![CDATA[java.lang.NullPointerException
at com.HappyEsayGo.TestScript.Cleartrippage2.page2(Cleartrippage2.java:16)
at java.util.concurrent.FutureTask.run(Unknown Source)
at java.util.concurrent.ThreadPoolExecutor.runWorker(Unknown Source)
at java.util.concurrent.ThreadPoolExecutor$Worker.run(Unknown Source)
at java.lang.Thread.run(Unknown Source)
... Removed 16 stack frames]]>
    </failure>
  </testcase> <!-- page2 -->
  <testcase name="page3" time="0.008" classname="com.HappyEsayGo.TestScript.Cleartrippage3">
    <failure type="java.lang.NullPointerException">
      <![CDATA[java.lang.NullPointerException
at com.HappyEsayGo.TestScript.Cleartrippage3.page3(Cleartrippage3.java:14)
at java.util.concurrent.FutureTask.run(Unknown Source)
at java.util.concurrent.ThreadPoolExecutor.runWorker(Unknown Source)
at java.util.concurrent.ThreadPoolExecutor$Worker.run(Unknown Source)
at java.lang.Thread.run(Unknown Source)
... Removed 16 stack frames]]>
    </failure>
  </testcase> <!-- page3 -->
  <testcase name="roundtripbooking" time="0.004" classname="com.HappyEsayGo.TestScript.CThomeforRoundtrip">
    <failure type="java.lang.NullPointerException">
      <![CDATA[java.lang.NullPointerException
at com.HappyEsayGo.TestScript.CThomeforRoundtrip.roundtripbooking(CThomeforRoundtrip.java:10)
at java.util.concurrent.FutureTask.run(Unknown Source)
at java.util.concurrent.ThreadPoolExecutor.runWorker(Unknown Source)
at java.util.concurrent.ThreadPoolExecutor$Worker.run(Unknown Source)
at java.lang.Thread.run(Unknown Source)
... Removed 16 stack frames]]>
    </failure>
  </testcase> <!-- roundtripbooking -->
</testsuite> <!-- Test2 -->
